<?xml version="1.0" encoding="UTF-8"?>
<!-- Generated by org.testng.reporters.JUnitXMLReporter -->
<testsuite hostname="DESKTOP-4SC5RBR" name="Test" tests="3" failures="0" timestamp="11 Mar 2017 20:55:49 GMT" time="22.965" errors="0">
  <testcase name="ieTestNG" time="8.79" classname="com.learnselenium.tng.IETestNG"/>
  <testcase name="TestFireFox" time="9.023" classname="com.learnselenium.tng.LaunchFirefox"/>
  <testcase name="start" time="5.128" classname="com.learnselenium.tng.Firefox"/>
</testsuite> <!-- Test -->
