<?xml version="1.0" encoding="UTF-8"?>
<!-- Generated by org.testng.reporters.JUnitXMLReporter -->
<testsuite hostname="DESKTOP-4SC5RBR" ignored="0" name="Regression Test" tests="5" failures="1" timestamp="08 May 2018 09:24:10 GMT" time="25.085" errors="0">
  <testcase name="landingPageTitleVerification" time="0.097" classname="priority1.LandingPageTitleVerification">
    <failure type="java.lang.AssertionError" message="expected [true] but found [false]">
      <![CDATA[java.lang.AssertionError: expected [true] but found [false]
	at priority1.LandingPageTitleVerification.landingPageTitleVerification(LandingPageTitleVerification.java:33)
... Removed 29 stack frames]]>
    </failure>
  </testcase> <!-- landingPageTitleVerification -->
  <testcase name="storeMultipleQuickLinksTitle" time="5.086" classname="priority1.VerifyMultipleQuickLinksTitle"/>
  <testcase name="storeMultipleQuickLinksTitle" time="3.62" classname="priority1.VerifyMultipleQuickLinksTitle"/>
  <testcase name="storeMultipleQuickLinksTitle" time="2.254" classname="priority1.VerifyMultipleQuickLinksTitle"/>
  <testcase name="verifyMultipleQuickLinksTitle" time="0.002" classname="priority1.VerifyMultipleQuickLinksTitle"/>
</testsuite> <!-- Regression Test -->
