<?xml version="1.0" encoding="UTF-8"?>
<!-- Generated by org.testng.reporters.JUnitXMLReporter -->
<testsuite hostname="DESKTOP-4SC5RBR" ignored="0" name="Smoke Test" tests="6" failures="0" timestamp="01 May 2018 12:40:02 GMT" time="114.586" errors="0">
  <testcase name="landingPageTitleVerification" time="7.459" classname="priority1.LandingPageTitleVerification"/>
  <testcase name="performLandingPageActivity" time="12.214" classname="priority2.VerifyResultDateInBetweenFromAndTo"/>
  <testcase name="verifyResultDate" time="31.224" classname="priority2.VerifyResultDateInBetweenFromAndTo"/>
  <testcase name="performLandingPageActivity" time="11.691" classname="priority3.VerifyActualSecurityCode"/>
  <testcase name="clickOnSecurityCodeOnResultCalendarPage" time="42.001" classname="priority3.VerifyActualSecurityCode"/>
  <testcase name="verifySecurityCode" time="6.845" classname="priority3.VerifyActualSecurityCode"/>
</testsuite> <!-- Smoke Test -->
