<?xml version="1.0" encoding="UTF-8"?>
<!-- Generated by org.testng.reporters.JUnitXMLReporter -->
<testsuite hostname="DESKTOP-4SC5RBR" ignored="0" name="Test" tests="3" failures="0" timestamp="11 Mar 2017 21:19:34 GMT" time="24.213" errors="0">
  <testcase name="ieTestNG" time="8.927" classname="com.learnselenium.tng.IETestNG"/>
  <testcase name="TestFireFox" time="9.372" classname="com.learnselenium.tng.LaunchFirefox"/>
  <testcase name="start" time="5.892" classname="com.learnselenium.tng.Firefox"/>
</testsuite> <!-- Test -->
