<?xml version="1.0" encoding="UTF-8"?>
<!-- Generated by org.testng.reporters.JUnitXMLReporter -->
<testsuite hostname="DESKTOP-4SC5RBR" ignored="0" name="Test" tests="1" failures="1" timestamp="16 Mar 2017 04:22:14 GMT" time="0.195" errors="0">
  <testcase name="read" time="0.077" classname="com.learnselenium.tng.ReadExcelGeneric">
    <failure type="java.lang.NoClassDefFoundError" message="org/apache/poi/xssf/usermodel/XSSFWorkbook">
      <![CDATA[java.lang.NoClassDefFoundError: org/apache/poi/xssf/usermodel/XSSFWorkbook
	at readWriteLib.ReadConfig.<init>(ReadConfig.java:29)
	at com.learnselenium.tng.ReadExcelGeneric.read(ReadExcelGeneric.java:11)
Caused by: java.lang.ClassNotFoundException: org.apache.poi.xssf.usermodel.XSSFWorkbook
	at java.net.URLClassLoader.findClass(Unknown Source)
	at java.lang.ClassLoader.loadClass(Unknown Source)
	at sun.misc.Launcher$AppClassLoader.loadClass(Unknown Source)
	at java.lang.ClassLoader.loadClass(Unknown Source)
	... 30 more
... Removed 28 stack frames]]>
    </failure>
  </testcase> <!-- read -->
</testsuite> <!-- Test -->
