<?xml version="1.0" encoding="UTF-8"?>
<!-- Generated by org.testng.reporters.JUnitXMLReporter -->
<testsuite hostname="DESKTOP-4SC5RBR" ignored="0" name="Test" tests="9" failures="1" timestamp="25 Apr 2018 09:34:38 GMT" time="278.162" errors="0">
  <testcase name="storeMultipleQuickLinksTitle" time="7.962" classname="priority1.VerifyMultipleQuickLinksTitle"/>
  <testcase name="storeMultipleQuickLinksTitle" time="4.985" classname="priority1.VerifyMultipleQuickLinksTitle"/>
  <testcase name="storeMultipleQuickLinksTitle" time="2.998" classname="priority1.VerifyMultipleQuickLinksTitle"/>
  <testcase name="verifyMultipleQuickLinksTitle" time="0.003" classname="priority1.VerifyMultipleQuickLinksTitle"/>
  <testcase name="performLandingPageActivity" time="184.713" classname="priority2.SearchSecurityCodeTable"/>
  <testcase name="clickOnSecurityCode" time="41.921" classname="priority2.SearchSecurityCodeTable"/>
  <testcase name="performLandingPageActivity" time="3.254" classname="priority2.VerifyResultDateInBetweenFromAndTo">
    <failure type="java.lang.RuntimeException" message="Invalid Main Link">
      <![CDATA[java.lang.RuntimeException: Invalid Main Link
	at pageObjectClasses.BSEMainPO.clickOnMainLink(BSEMainPO.java:62)
	at priority2.VerifyResultDateInBetweenFromAndTo.performLandingPageActivity(VerifyResultDateInBetweenFromAndTo.java:35)
... Removed 25 stack frames]]>
    </failure>
  </testcase> <!-- performLandingPageActivity -->
  <testcase name="verifyResultDate" time="0.0" classname="priority2.VerifyResultDateInBetweenFromAndTo">
    <skipped/>
  </testcase> <!-- verifyResultDate -->
  <testcase name="landingPageTitleVerification" time="0.044" classname="priority1.LandingPageTitleVerification"/>
</testsuite> <!-- Test -->
