<?xml version="1.0" encoding="UTF-8"?>
<testng-results skipped="0" failed="0" ignored="0" total="1" passed="1">
  <reporter-output>
  </reporter-output>
  <suite name="Default suite" duration-ms="13655" started-at="2018-05-09T08:51:32Z" finished-at="2018-05-09T08:51:45Z">
    <groups>
    </groups>
    <test name="Default test" duration-ms="13655" started-at="2018-05-09T08:51:32Z" finished-at="2018-05-09T08:51:45Z">
      <class name="priority1.SSLCeritificate">
        <test-method status="PASS" signature="sslWebPage()[pri:0, instance:priority1.SSLCeritificate@13deb50e]" name="sslWebPage" duration-ms="13629" started-at="2018-05-09T14:21:32Z" finished-at="2018-05-09T14:21:45Z">
          <reporter-output>
          </reporter-output>
        </test-method> <!-- sslWebPage -->
      </class> <!-- priority1.SSLCeritificate -->
    </test> <!-- Default test -->
  </suite> <!-- Default suite -->
</testng-results>
